[16:46:30] [main/INFO]: Setting user: Player700
[16:46:32] [Client thread/INFO]: LWJGL Version: 2.9.1
[16:46:40] [Client thread/INFO]: Reloading ResourceManager: Default, FMLFileResourcePack:Forge Mod Loader, FMLFileResourcePack:Minecraft Forge, FMLFileResourcePack:Good Night's Sleep
[16:46:41] [Sound Library Loader/INFO]: Sound engine started
[16:46:43] [Client thread/INFO]: Created: 16x16 textures/blocks-atlas
[16:46:43] [Client thread/INFO]: Created: 16x16 textures/items-atlas
[16:46:43] [Client thread/INFO]: Reloading ResourceManager: Default, FMLFileResourcePack:Forge Mod Loader, FMLFileResourcePack:Minecraft Forge, FMLFileResourcePack:Good Night's Sleep
[16:46:44] [Client thread/INFO]: Created: 512x256 textures/blocks-atlas
[16:46:44] [Client thread/INFO]: Created: 512x256 textures/items-atlas
[16:46:44] [Sound Library Loader/INFO]: Sound engine started
[16:46:48] [Server thread/INFO]: Starting integrated minecraft server version 1.7.10
[16:46:48] [Server thread/INFO]: Generating keypair
[16:46:49] [Server thread/INFO]: Preparing start region for level 0
[16:46:50] [Server thread/INFO]: Changing view distance to 12, from 10
[16:46:50] [Server thread/INFO]: Player700[local:E:710634fc] logged in with entity id 363 at (-2714.717146474986, 85.35269605388766, 474.6969302601555)
[16:46:50] [Server thread/INFO]: Player700 joined the game
[16:48:08] [Server thread/INFO]: Player700 has just earned the achievement [Taking Inventory]
[16:48:08] [Client thread/INFO]: [CHAT] Player700 has just earned the achievement [Taking Inventory]
[16:49:20] [Client thread/INFO]: [CHAT] Saved screenshot as 2019-06-10_16.49.20.png
[16:49:21] [Server thread/INFO]: Saving and pausing game...
[16:49:21] [Server thread/INFO]: Saving chunks for level 'New World'/Overworld
[16:49:21] [Server thread/INFO]: Saving chunks for level 'New World'/Nether
[16:49:21] [Server thread/INFO]: Saving chunks for level 'New World'/The End
[16:49:21] [Server thread/INFO]: Saving chunks for level 'New World'/Nightmare
[16:49:21] [Server thread/INFO]: Saving chunks for level 'New World'/GoodDream
[16:49:28] [Server thread/WARN]: Can't keep up! Did the system time change, or is the server overloaded? Running 2329ms behind, skipping 46 tick(s)
[16:49:37] [Client thread/INFO]: [CHAT] Saved screenshot as 2019-06-10_16.49.36.png
[16:49:37] [Server thread/INFO]: Saving and pausing game...
[16:49:37] [Server thread/INFO]: Saving chunks for level 'New World'/Overworld
[16:49:37] [Server thread/INFO]: Saving chunks for level 'New World'/Nether
[16:49:37] [Server thread/INFO]: Saving chunks for level 'New World'/The End
[16:49:37] [Server thread/INFO]: Saving chunks for level 'New World'/Nightmare
[16:49:40] [Server thread/INFO]: Saving and pausing game...
[16:49:40] [Server thread/INFO]: Saving chunks for level 'New World'/Overworld
[16:49:40] [Server thread/INFO]: Saving chunks for level 'New World'/Nether
[16:49:40] [Server thread/INFO]: Saving chunks for level 'New World'/The End
[16:49:40] [Server thread/INFO]: Saving chunks for level 'New World'/Nightmare
[16:49:41] [Client thread/INFO]: Stopping!
[16:49:41] [Server thread/INFO]: Stopping server
[16:49:41] [Server thread/INFO]: Saving players
[16:49:41] [Server thread/INFO]: Saving worlds
[16:49:41] [Server thread/INFO]: Saving chunks for level 'New World'/Overworld
[16:49:41] [Server thread/INFO]: Saving chunks for level 'New World'/Nether
[16:49:41] [Server thread/INFO]: Saving chunks for level 'New World'/The End
[16:49:41] [Server thread/INFO]: Saving chunks for level 'New World'/Nightmare
[16:49:41] [Client Shutdown Thread/INFO]: Stopping server
[16:49:41] [Client Shutdown Thread/INFO]: Saving players
